<?xml version="1.0" encoding="UTF-8"?>
<testsuite name="com.unrc.app.OwnerTest" time="0.175" tests="5" errors="5" skipped="0" failures="0">
  <properties>
    <property name="java.runtime.name" value="Java(TM) SE Runtime Environment"/>
    <property name="sun.boot.library.path" value="/usr/lib/jvm/java-7-oracle/jre/lib/i386"/>
    <property name="java.vm.version" value="23.21-b01"/>
    <property name="java.vm.vendor" value="Oracle Corporation"/>
    <property name="java.vendor.url" value="http://java.oracle.com/"/>
    <property name="path.separator" value=":"/>
    <property name="java.vm.name" value="Java HotSpot(TM) Server VM"/>
    <property name="file.encoding.pkg" value="sun.io"/>
    <property name="user.country" value="AR"/>
    <property name="sun.java.launcher" value="SUN_STANDARD"/>
    <property name="sun.os.patch.level" value="unknown"/>
    <property name="java.vm.specification.name" value="Java Virtual Machine Specification"/>
    <property name="user.dir" value="/home/matias/git/inmo"/>
    <property name="java.runtime.version" value="1.7.0_21-b11"/>
    <property name="java.awt.graphicsenv" value="sun.awt.X11GraphicsEnvironment"/>
    <property name="java.endorsed.dirs" value="/usr/lib/jvm/java-7-oracle/jre/lib/endorsed"/>
    <property name="os.arch" value="i386"/>
    <property name="java.io.tmpdir" value="/tmp"/>
    <property name="line.separator" value="&#10;"/>
    <property name="java.vm.specification.vendor" value="Oracle Corporation"/>
    <property name="os.name" value="Linux"/>
    <property name="classworlds.conf" value="/usr/share/maven2/bin/m2.conf"/>
    <property name="sun.jnu.encoding" value="UTF-8"/>
    <property name="java.library.path" value="/usr/java/packages/lib/i386:/lib:/usr/lib"/>
    <property name="java.specification.name" value="Java Platform API Specification"/>
    <property name="java.class.version" value="51.0"/>
    <property name="sun.management.compiler" value="HotSpot Tiered Compilers"/>
    <property name="os.version" value="3.2.0-39-generic-pae"/>
    <property name="user.home" value="/root"/>
    <property name="user.timezone" value="America/Argentina/Cordoba"/>
    <property name="java.awt.printerjob" value="sun.print.PSPrinterJob"/>
    <property name="file.encoding" value="UTF-8"/>
    <property name="java.specification.version" value="1.7"/>
    <property name="user.name" value="root"/>
    <property name="java.class.path" value="/usr/share/maven2/boot/classworlds.jar"/>
    <property name="java.vm.specification.version" value="1.7"/>
    <property name="sun.arch.data.model" value="32"/>
    <property name="java.home" value="/usr/lib/jvm/java-7-oracle/jre"/>
    <property name="sun.java.command" value="org.codehaus.classworlds.Launcher &quot;test&quot;"/>
    <property name="java.specification.vendor" value="Oracle Corporation"/>
    <property name="user.language" value="es"/>
    <property name="awt.toolkit" value="sun.awt.X11.XToolkit"/>
    <property name="java.vm.info" value="mixed mode"/>
    <property name="java.version" value="1.7.0_21"/>
    <property name="java.ext.dirs" value="/usr/lib/jvm/java-7-oracle/jre/lib/ext:/usr/java/packages/lib/ext"/>
    <property name="securerandom.source" value="file:/dev/./urandom"/>
    <property name="sun.boot.class.path" value="/usr/lib/jvm/java-7-oracle/jre/lib/resources.jar:/usr/lib/jvm/java-7-oracle/jre/lib/rt.jar:/usr/lib/jvm/java-7-oracle/jre/lib/sunrsasign.jar:/usr/lib/jvm/java-7-oracle/jre/lib/jsse.jar:/usr/lib/jvm/java-7-oracle/jre/lib/jce.jar:/usr/lib/jvm/java-7-oracle/jre/lib/charsets.jar:/usr/lib/jvm/java-7-oracle/jre/lib/jfr.jar:/usr/lib/jvm/java-7-oracle/jre/classes"/>
    <property name="java.vendor" value="Oracle Corporation"/>
    <property name="maven.home" value="/usr/share/maven2"/>
    <property name="file.separator" value="/"/>
    <property name="java.vendor.url.bug" value="http://bugreport.sun.com/bugreport/"/>
    <property name="sun.cpu.endian" value="little"/>
    <property name="sun.io.unicode.encoding" value="UnicodeLittle"/>
    <property name="sun.cpu.isalist" value=""/>
  </properties>
  <testcase name="testEliminar" classname="com.unrc.app.OwnerTest" time="0.049">
    <error type="java.lang.NullPointerException:">java.lang.NullPointerException: null
	at com.unrc.app.Dueño.insertar(Dueño.java:20)
	at com.unrc.app.OwnerTest.testEliminar(OwnerTest.java:120)
</error>
    <system-out>eliminar 1
</system-out>
  </testcase>
  <testcase name="testModificar" classname="com.unrc.app.OwnerTest" time="0.025">
    <error type="java.lang.NullPointerException:">java.lang.NullPointerException: null
	at com.unrc.app.Dueño.insertar(Dueño.java:20)
	at com.unrc.app.OwnerTest.testModificar(OwnerTest.java:155)
</error>
    <system-out>modificar 1
</system-out>
  </testcase>
  <testcase name="testInsertar1" classname="com.unrc.app.OwnerTest" time="0.026">
    <error type="java.lang.NullPointerException:">java.lang.NullPointerException: null
	at com.unrc.app.Dueño.insertar(Dueño.java:20)
	at com.unrc.app.OwnerTest.testInsertar1(OwnerTest.java:40)
</error>
    <system-out>insertar 1
</system-out>
  </testcase>
  <testcase name="testInsertar2" classname="com.unrc.app.OwnerTest" time="0.028">
    <error type="java.lang.NullPointerException:">java.lang.NullPointerException: null
	at com.unrc.app.Dueño.insertar(Dueño.java:20)
	at com.unrc.app.OwnerTest.testInsertar2(OwnerTest.java:65)
</error>
    <system-out>insertar 2
</system-out>
  </testcase>
  <testcase name="testInsertar3" classname="com.unrc.app.OwnerTest" time="0.047">
    <error type="java.lang.NullPointerException:">java.lang.NullPointerException: null
	at com.unrc.app.Dueño.insertar(Dueño.java:20)
	at com.unrc.app.OwnerTest.testInsertar3(OwnerTest.java:91)
</error>
    <system-out>insertar 3
</system-out>
  </testcase>
</testsuite>